<?xml version="1.0" encoding="UTF-8"?>
<!-- Generated by org.testng.reporters.JUnitReportReporter -->
<testsuite skipped="0" hostname="Dinesh_Ingalagi" name="batchExecution02.lamborghini" tests="1" failures="0" timestamp="2023-01-13T10:36:18 IST" time="28.557" errors="0">
  <testcase name="dinesh" time="28.557" classname="batchExecution02.lamborghini"/>
  <system-out/>
</testsuite> <!-- batchExecution02.lamborghini -->
