<?xml version="1.0" encoding="UTF-8"?>
<!-- Generated by org.testng.reporters.JUnitReportReporter -->
<testsuite skipped="0" hostname="Dinesh_Ingalagi" name="Testing.Testing1" tests="3" failures="0" timestamp="2023-01-02T16:17:35 IST" time="0.006" errors="0">
  <testcase name="Dgi" time="0.005" classname="Testing.Testing1"/>
  <system-out/>
  <testcase name="dinesh" time="0.001" classname="Testing.Testing1"/>
  <system-out/>
  <testcase name="abd" time="0.000" classname="Testing.Testing1"/>
  <system-out/>
</testsuite> <!-- Testing.Testing1 -->
