<?xml version="1.0" encoding="UTF-8"?>
<!-- Generated by org.testng.reporters.JUnitReportReporter -->
<testsuite skipped="0" hostname="Dinesh_Ingalagi" name="batchExecution02.audi" tests="1" failures="0" timestamp="2023-01-10T11:43:53 IST" time="5.400" errors="0">
  <testcase name="dinesh" time="5.400" classname="batchExecution02.audi"/>
  <system-out/>
</testsuite> <!-- batchExecution02.audi -->
