<?xml version="1.0" encoding="UTF-8"?>
<!-- Generated by org.testng.reporters.JUnitReportReporter -->
<testsuite skipped="0" hostname="Dinesh_Ingalagi" name="dataProviderAnnotation_01.hardAssert" tests="1" failures="0" timestamp="2023-01-12T16:02:43 IST" time="10.982" errors="0">
  <testcase name="softassert" time="10.982" classname="dataProviderAnnotation_01.hardAssert"/>
  <system-out/>
</testsuite> <!-- dataProviderAnnotation_01.hardAssert -->
