<?xml version="1.0" encoding="UTF-8"?>
<!-- Generated by org.testng.reporters.JUnitReportReporter -->
<testsuite skipped="0" hostname="Dinesh_Ingalagi" name="Testing.Dependsonmethod" tests="5" failures="0" timestamp="2023-01-03T11:24:24 IST" time="0.013" errors="0">
  <testcase name="register" time="0.005" classname="Testing.Dependsonmethod"/>
  <system-out>
Frame register Account  </system-out>
  <testcase name="deleteAcoount" time="0.002" classname="Testing.Dependsonmethod"/>
  <system-out>
Frame delete Account  </system-out>
  <testcase name="amountTransfer" time="0.003" classname="Testing.Dependsonmethod"/>
  <system-out>
Frame Amount Transfer  </system-out>
  <testcase name="createAccount" time="0.001" classname="Testing.Dependsonmethod"/>
  <system-out>
Frame Create Account  </system-out>
  <testcase name="modifyAccount" time="0.002" classname="Testing.Dependsonmethod"/>
  <system-out>
Frame Modify Account  </system-out>
</testsuite> <!-- Testing.Dependsonmethod -->
