<?xml version="1.0" encoding="UTF-8"?>
<!-- Generated by org.testng.reporters.JUnitReportReporter -->
<testsuite skipped="0" hostname="Dinesh_Ingalagi" name="dataProviderAnnotation_01.DataProviderusingxl$DataDrivenFromActiTime" tests="2" failures="0" timestamp="2023-01-12T12:29:09 IST" time="24.824" errors="0">
  <testcase name="lanchApplication" time="13.007" classname="dataProviderAnnotation_01.DataProviderusingxl$DataDrivenFromActiTime"/>
  <system-out/>
  <testcase name="lanchApplication" time="11.817" classname="dataProviderAnnotation_01.DataProviderusingxl$DataDrivenFromActiTime"/>
  <system-out/>
</testsuite> <!-- dataProviderAnnotation_01.DataProviderusingxl$DataDrivenFromActiTime -->
