<?xml version="1.0" encoding="UTF-8"?>
<!-- Generated by org.testng.reporters.JUnitReportReporter -->
<testsuite skipped="0" hostname="Dinesh_Ingalagi" name="batchExecution_01.bukkati" tests="1" failures="0" timestamp="2023-01-03T15:35:17 IST" time="4.439" errors="0">
  <testcase name="dinesh" time="4.439" classname="batchExecution_01.bukkati"/>
  <system-out/>
</testsuite> <!-- batchExecution_01.bukkati -->
