<?xml version="1.0" encoding="UTF-8"?>
<!-- Generated by org.testng.reporters.JUnitReportReporter -->
<testsuite skipped="0" hostname="Dinesh_Ingalagi" name="Testing.Ruleno2" tests="3" failures="0" timestamp="2023-01-02T17:10:30 IST" time="0.007" errors="0">
  <testcase name="modifyContact" time="0.005" classname="Testing.Ruleno2"/>
  <system-out>
FROM MODIFY CONTACT  </system-out>
  <testcase name="deleteContact" time="0.001" classname="Testing.Ruleno2"/>
  <system-out>
FROM DELETE CONTACT  </system-out>
  <testcase name="createContact" time="0.001" classname="Testing.Ruleno2"/>
  <system-out>
FROM CREATE CONTACT  </system-out>
</testsuite> <!-- Testing.Ruleno2 -->
