<?xml version="1.0" encoding="UTF-8"?>
<!-- Generated by org.testng.reporters.JUnitReportReporter -->
<testsuite skipped="0" hostname="Dinesh_Ingalagi" name="dataProviderAnnotation_01.RegisterWithDifferentUrl" tests="2" failures="0" timestamp="2023-01-11T11:55:28 IST" time="9.429" errors="0">
  <testcase name="test" time="5.058" classname="dataProviderAnnotation_01.RegisterWithDifferentUrl"/>
  <system-out/>
  <testcase name="test" time="4.371" classname="dataProviderAnnotation_01.RegisterWithDifferentUrl"/>
  <system-out/>
</testsuite> <!-- dataProviderAnnotation_01.RegisterWithDifferentUrl -->
